10:45:29 PM  [main] 	Initializing Control Panel
10:45:29 PM  [main] 	Windows Version:  Home  64-bit
10:45:29 PM  [main] 	XAMPP Version: 7.3.9
10:45:29 PM  [main] 	Control Panel Version: 3.2.4  [ Compiled: Jun 5th 2019 ]
10:45:29 PM  [main] 	You are not running with administrator rights! This will work for
10:45:29 PM  [main] 	most application stuff but whenever you do something with services
10:45:29 PM  [main] 	there will be a security dialogue or things will break! So think 
10:45:29 PM  [main] 	about running this application with administrator rights!
10:45:29 PM  [main] 	XAMPP Installation Directory: "c:\xampp\"
10:45:29 PM  [main] 	Checking for prerequisites
10:45:31 PM  [main] 	All prerequisites found
10:45:31 PM  [main] 	Initializing Modules
10:45:31 PM  [main] 	Starting Check-Timer
10:45:31 PM  [main] 	Control Panel Ready
10:52:05 PM  [main] 	Deinitializing Modules
10:52:05 PM  [main] 	Deinitializing Control Panel

10:31:15 PM  [main] 	Initializing Control Panel
10:31:16 PM  [main] 	Windows Version:  Home  64-bit
10:31:16 PM  [main] 	XAMPP Version: 7.3.9
10:31:16 PM  [main] 	Control Panel Version: 3.2.4  [ Compiled: Jun 5th 2019 ]
10:31:16 PM  [main] 	You are not running with administrator rights! This will work for
10:31:16 PM  [main] 	most application stuff but whenever you do something with services
10:31:16 PM  [main] 	there will be a security dialogue or things will break! So think 
10:31:16 PM  [main] 	about running this application with administrator rights!
10:31:16 PM  [main] 	XAMPP Installation Directory: "c:\xampp\"
10:31:16 PM  [main] 	Checking for prerequisites
10:31:16 PM  [main] 	All prerequisites found
10:31:16 PM  [main] 	Initializing Modules
10:31:16 PM  [main] 	Starting Check-Timer
10:31:16 PM  [main] 	Control Panel Ready
10:52:05 PM  [main] 	Deinitializing Modules
10:52:05 PM  [main] 	Deinitializing Control Panel

3:53:26 PM  [main] 	Initializing Control Panel
3:53:26 PM  [main] 	Windows Version:  Home  64-bit
3:53:26 PM  [main] 	XAMPP Version: 7.3.9
3:53:26 PM  [main] 	Control Panel Version: 3.2.4  [ Compiled: Jun 5th 2019 ]
3:53:26 PM  [main] 	You are not running with administrator rights! This will work for
3:53:26 PM  [main] 	most application stuff but whenever you do something with services
3:53:26 PM  [main] 	there will be a security dialogue or things will break! So think 
3:53:26 PM  [main] 	about running this application with administrator rights!
3:53:26 PM  [main] 	XAMPP Installation Directory: "c:\xampp\"
3:53:26 PM  [main] 	Checking for prerequisites
3:53:30 PM  [main] 	All prerequisites found
3:53:30 PM  [main] 	Initializing Modules
3:53:30 PM  [main] 	Starting Check-Timer
3:53:30 PM  [main] 	Control Panel Ready
3:53:45 PM  [Apache] 	Attempting to start Apache app...
3:53:45 PM  [Apache] 	Status change detected: running
3:53:46 PM  [mysql] 	Attempting to start MySQL app...
3:53:47 PM  [mysql] 	Status change detected: running
5:55:38 PM  [Apache] 	Attempting to stop Apache (PID: 4424)
5:55:38 PM  [Apache] 	Attempting to stop Apache (PID: 4688)
5:55:38 PM  [Apache] 	Status change detected: stopped
5:55:39 PM  [mysql] 	Attempting to stop MySQL app...
5:55:39 PM  [mysql] 	Status change detected: stopped
5:56:04 PM  [main] 	Deinitializing Modules
5:56:04 PM  [main] 	Deinitializing Control Panel

