[Fri Oct 04 11:53:37.188487 2019] [ssl:warn] [pid 5396:tid 556] AH01909: www.example.com:443:0 server certificate does NOT include an ID which matches the server name
[Fri Oct 04 11:53:37.250984 2019] [ssl:warn] [pid 5396:tid 556] AH01909: www.example.com:443:0 server certificate does NOT include an ID which matches the server name
[Fri Oct 04 11:53:37.375981 2019] [mpm_winnt:notice] [pid 5396:tid 556] AH00455: Apache/2.4.41 (Win64) OpenSSL/1.1.1c PHP/7.3.9 configured -- resuming normal operations
[Fri Oct 04 11:53:37.375981 2019] [mpm_winnt:notice] [pid 5396:tid 556] AH00456: Apache Lounge VC15 Server built: Aug 11 2019 12:20:04
[Fri Oct 04 11:53:37.375981 2019] [core:notice] [pid 5396:tid 556] AH00094: Command line: 'C:\\xampp\\apache\\bin\\httpd.exe -d C:/xampp/apache'
[Fri Oct 04 11:53:37.375981 2019] [mpm_winnt:notice] [pid 5396:tid 556] AH00418: Parent: Created child process 4324
[Fri Oct 04 11:53:38.221484 2019] [ssl:warn] [pid 4324:tid 608] AH01909: www.example.com:443:0 server certificate does NOT include an ID which matches the server name
[Fri Oct 04 11:53:38.268355 2019] [ssl:warn] [pid 4324:tid 608] AH01909: www.example.com:443:0 server certificate does NOT include an ID which matches the server name
[Fri Oct 04 11:53:38.315230 2019] [mpm_winnt:notice] [pid 4324:tid 608] AH00354: Child: Starting 150 worker threads.
[Fri Oct 04 11:55:37.253642 2019] [ssl:warn] [pid 1376:tid 604] AH01909: www.example.com:443:0 server certificate does NOT include an ID which matches the server name
[Fri Oct 04 11:55:37.316139 2019] [ssl:warn] [pid 1376:tid 604] AH01909: www.example.com:443:0 server certificate does NOT include an ID which matches the server name
[Fri Oct 04 11:55:37.350366 2019] [mpm_winnt:notice] [pid 1376:tid 604] AH00455: Apache/2.4.41 (Win64) OpenSSL/1.1.1c PHP/7.3.9 configured -- resuming normal operations
[Fri Oct 04 11:55:37.350366 2019] [mpm_winnt:notice] [pid 1376:tid 604] AH00456: Apache Lounge VC15 Server built: Aug 11 2019 12:20:04
[Fri Oct 04 11:55:37.350366 2019] [core:notice] [pid 1376:tid 604] AH00094: Command line: 'c:\\xampp\\apache\\bin\\httpd.exe -d C:/xampp/apache'
[Fri Oct 04 11:55:37.350366 2019] [mpm_winnt:notice] [pid 1376:tid 604] AH00418: Parent: Created child process 5776
[Fri Oct 04 11:55:38.100192 2019] [ssl:warn] [pid 5776:tid 656] AH01909: www.example.com:443:0 server certificate does NOT include an ID which matches the server name
[Fri Oct 04 11:55:38.178321 2019] [ssl:warn] [pid 5776:tid 656] AH01909: www.example.com:443:0 server certificate does NOT include an ID which matches the server name
[Fri Oct 04 11:55:38.225187 2019] [mpm_winnt:notice] [pid 5776:tid 656] AH00354: Child: Starting 150 worker threads.
[Fri Nov 22 15:53:48.930219 2019] [ssl:warn] [pid 4424:tid 616] AH01909: www.example.com:443:0 server certificate does NOT include an ID which matches the server name
[Fri Nov 22 15:53:49.039593 2019] [core:warn] [pid 4424:tid 616] AH00098: pid file C:/xampp/apache/logs/httpd.pid overwritten -- Unclean shutdown of previous Apache run?
[Fri Nov 22 15:53:49.055214 2019] [ssl:warn] [pid 4424:tid 616] AH01909: www.example.com:443:0 server certificate does NOT include an ID which matches the server name
[Fri Nov 22 15:53:49.508326 2019] [mpm_winnt:notice] [pid 4424:tid 616] AH00455: Apache/2.4.41 (Win64) OpenSSL/1.1.1c PHP/7.3.9 configured -- resuming normal operations
[Fri Nov 22 15:53:49.508326 2019] [mpm_winnt:notice] [pid 4424:tid 616] AH00456: Apache Lounge VC15 Server built: Aug 11 2019 12:20:04
[Fri Nov 22 15:53:49.508326 2019] [core:notice] [pid 4424:tid 616] AH00094: Command line: 'c:\\xampp\\apache\\bin\\httpd.exe -d C:/xampp/apache'
[Fri Nov 22 15:53:49.508326 2019] [mpm_winnt:notice] [pid 4424:tid 616] AH00418: Parent: Created child process 4688
[Fri Nov 22 15:53:50.695791 2019] [ssl:warn] [pid 4688:tid 624] AH01909: www.example.com:443:0 server certificate does NOT include an ID which matches the server name
[Fri Nov 22 15:53:50.773914 2019] [ssl:warn] [pid 4688:tid 624] AH01909: www.example.com:443:0 server certificate does NOT include an ID which matches the server name
[Fri Nov 22 15:53:50.836410 2019] [mpm_winnt:notice] [pid 4688:tid 624] AH00354: Child: Starting 150 worker threads.
[Fri Nov 22 17:55:38.189266 2019] [mpm_winnt:crit] [pid 4688:tid 624] AH02538: Child: Parent process exited abruptly. Child process is ending
